<?xml version="1.0" encoding="utf-8"?><testsuites name="pytest tests"><testsuite name="pytest" errors="0" failures="0" skipped="0" tests="153" time="31.213" timestamp="2026-07-27T10:21:36.500444+01:00" hostname="claude"><testcase classname="tests.test_access_notifications" name="test_session_opaque_csrf_et_invalidation" time="0.387" /><testcase classname="tests.test_access_notifications" name="test_allowlist_et_limitation_des_tentatives" time="0.771" /><testcase classname="tests.test_access_notifications" name="test_notification_asynchrone_et_deduplication" time="0.012" /><testcase classname="tests.test_access_notifications" name="test_destinataires_concurrents_ne_secrasent_pas" time="0.001" /><testcase classname="tests.test_agents_judge" name="test_agent_fonctionne_sans_cle_api" time="3.053" /><testcase classname="tests.test_agents_judge" name="test_agent_ouvre_un_coupe_circuit_apres_echec_llm" time="0.156" /><testcase classname="tests.test_agents_judge" name="test_decision_bien_formee" time="0.076" /><testcase classname="tests.test_agents_judge" name="test_decision_cite_des_valeurs_verifiables" time="0.000" /><testcase classname="tests.test_agents_judge" name="test_confiance_baisse_quand_les_preuves_faiblissent" time="0.329" /><testcase classname="tests.test_agents_judge" name="test_action_avec_arret_mentionne_la_consignation" time="0.383" /><testcase classname="tests.test_agents_judge" name="test_judge_valide_une_decision_saine" time="0.001" /><testcase classname="tests.test_agents_judge" name="test_judge_recalcule_les_faits_lui_meme" time="0.001" /><testcase classname="tests.test_agents_judge" name="test_judge_est_reproductible" time="0.001" /><testcase classname="tests.test_agents_judge" name="test_poids_des_controles_somment_a_un" time="0.001" /><testcase classname="tests.test_agents_judge" name="test_judge_detecte_une_valeur_inventee" time="0.001" /><testcase classname="tests.test_agents_judge" name="test_judge_detecte_un_angle_mort_revendique" time="0.001" /><testcase classname="tests.test_agents_judge" name="test_judge_detecte_un_mode_inexistant" time="0.001" /><testcase classname="tests.test_agents_judge" name="test_judge_detecte_une_action_dangereuse" time="0.001" /><testcase classname="tests.test_agents_judge" name="test_judge_detecte_une_action_sous_dimensionnee" time="0.001" /><testcase classname="tests.test_agents_judge" name="test_judge_detecte_la_sur_confiance" time="0.001" /><testcase classname="tests.test_agents_judge" name="test_judge_detecte_un_etat_de_marche_errone" time="0.002" /><testcase classname="tests.test_agents_judge" name="test_judge_detecte_un_diagnostic_sans_chiffres" time="0.001" /><testcase classname="tests.test_agents_judge" name="test_judge_detecte_une_severite_sous_estimee" time="0.001" /><testcase classname="tests.test_agents_judge" name="test_la_note_ne_peut_pas_etre_compensee" time="0.001" /><testcase classname="tests.test_agents_judge" name="test_banc_devaluation_du_judge" time="0.337" /><testcase classname="tests.test_agents_judge" name="test_chaque_type_de_faute_est_couvert" time="0.152" /><testcase classname="tests.test_agents_judge" name="test_auto_surveillance_du_judge" time="0.240" /><testcase classname="tests.test_alarm_store" name="test_cycle_de_vie_persistant" time="0.049" /><testcase classname="tests.test_alarm_store" name="test_shelving_et_validation_des_transitions" time="0.047" /><testcase classname="tests.test_alarm_store" name="test_deux_alarmes_independantes_et_retour_cible" time="0.044" /><testcase classname="tests.test_alarm_store" name="test_shelved_ne_revient_pas_silencieusement_a_la_normale" time="0.044" /><testcase classname="tests.test_alarm_store" name="test_repetition_reactivation_cloture_et_idempotence" time="0.051" /><testcase classname="tests.test_alarm_store" name="test_analyse_normale_sans_cle_ne_resout_rien" time="0.033" /><testcase classname="tests.test_alarm_store" name="test_observations_concurrentes_restent_atomiques" time="0.087" /><testcase classname="tests.test_api" name="test_sante" time="2.881" /><testcase classname="tests.test_api" name="test_dashboard_servi" time="0.016" /><testcase classname="tests.test_api" name="test_entetes_de_securite_du_dashboard" time="0.012" /><testcase classname="tests.test_api" name="test_actifs_servis_et_actifs_supprimes" time="0.191" /><testcase classname="tests.test_api" name="test_acces_local_et_notifications_desactivees" time="0.024" /><testcase classname="tests.test_api" name="test_acces_protege_session_et_csrf" time="0.311" /><testcase classname="tests.test_api" name="test_role_lecture_ne_peut_pas_piloter_le_rejeu" time="0.312" /><testcase classname="tests.test_api" name="test_gouvernance_declare_les_angles_morts" time="0.004" /><testcase classname="tests.test_api" name="test_validation_scientifique_exposee" time="2.701" /><testcase classname="tests.test_api" name="test_fiche_equipement" time="0.005" /><testcase classname="tests.test_api" name="test_workflow_inspection_executable_et_trace" time="0.122" /><testcase classname="tests.test_api" name="test_series_temporelles" time="0.023" /><testcase classname="tests.test_api" name="test_series_filtrees_par_periode" time="0.282" /><testcase classname="tests.test_api" name="test_series_refusent_les_bornes_invalides" time="0.016" /><testcase classname="tests.test_api" name="test_sante_capteurs" time="0.006" /><testcase classname="tests.test_api" name="test_episodes_tries" time="0.148" /><testcase classname="tests.test_api" name="test_analyse_dun_instant" time="0.074" /><testcase classname="tests.test_api" name="test_instant_inconnu_renvoie_404" time="0.005" /><testcase classname="tests.test_api" name="test_instants_notables" time="0.287" /><testcase classname="tests.test_api" name="test_cycle_de_rejeu" time="3.085" /><testcase classname="tests.test_api" name="test_changement_de_vitesse" time="0.025" /><testcase classname="tests.test_api" name="test_vitesse_invalide_refusee" time="0.004" /><testcase classname="tests.test_api" name="test_debut_de_rejeu_hors_periode_refuse" time="0.004" /><testcase classname="tests.test_api" name="test_arret_reste_immediat_a_basse_vitesse" time="0.035" /><testcase classname="tests.test_api" name="test_audit_du_judge" time="0.184" /><testcase classname="tests.test_api" name="test_evaluation_du_judge" time="0.160" /><testcase classname="tests.test_api" name="test_topologie_exposee" time="0.005" /><testcase classname="tests.test_api" name="test_fiche_capteur_complete" time="0.013" /><testcase classname="tests.test_api" name="test_fiche_capteur_degrade_reste_consultable" time="0.013" /><testcase classname="tests.test_api" name="test_fiche_capteur_inconnu" time="0.004" /><testcase classname="tests.test_api" name="test_indicateurs_sans_montant" time="0.040" /><testcase classname="tests.test_api" name="test_endpoints_economiques_retires" time="0.021" /><testcase classname="tests.test_domain" name="test_equipement_correspond_a_la_fiche_ocp" time="0.001" /><testcase classname="tests.test_domain" name="test_tous_les_tags_ont_une_justification" time="0.001" /><testcase classname="tests.test_domain" name="test_alias_uniques" time="0.000" /><testcase classname="tests.test_domain" name="test_seuils_ordonnes" time="0.000" /><testcase classname="tests.test_domain" name="test_plage_operationnelle_incluse_dans_plage_physique" time="0.000" /><testcase classname="tests.test_domain" name="test_criticite_amdec_est_le_produit_fgn" time="0.000" /><testcase classname="tests.test_domain" name="test_cotations_dans_les_baremes" time="0.000" /><testcase classname="tests.test_domain" name="test_taches_preventives_referencees_existent" time="0.000" /><testcase classname="tests.test_domain" name="test_angles_morts_declares" time="0.000" /><testcase classname="tests.test_domain" name="test_capteurs_degrades_exclus_du_modele" time="0.000" /><testcase classname="tests.test_domain" name="test_modes_observables_ont_des_indicateurs" time="0.000" /><testcase classname="tests.test_domain" name="test_briefings_non_vides" time="0.000" /><testcase classname="tests.test_domain" name="test_provenance_amdec_source_et_enrichissements_separes" time="0.000" /><testcase classname="tests.test_domain" name="test_cotations_officielles_conservent_les_valeurs_originales" time="0.000" /><testcase classname="tests.test_domain" name="test_tag_inconnu_leve_une_erreur" time="0.000" /><testcase classname="tests.test_features_detector" name="test_toutes_les_features_modele_presentes" time="2.211" /><testcase classname="tests.test_features_detector" name="test_delta_t_positif_en_marche" time="0.003" /><testcase classname="tests.test_features_detector" name="test_features_de_performance_nulles_a_larret" time="0.002" /><testcase classname="tests.test_features_detector" name="test_duty_croit_avec_le_debit" time="0.011" /><testcase classname="tests.test_features_detector" name="test_jumeau_ajuste_correctement" time="0.001" /><testcase classname="tests.test_features_detector" name="test_jumeau_refuse_une_reference_trop_courte" time="0.003" /><testcase classname="tests.test_features_detector" name="test_jumeau_non_ajuste_refuse_de_predire" time="0.001" /><testcase classname="tests.test_features_detector" name="test_residu_centre_sur_la_periode_de_reference" time="0.002" /><testcase classname="tests.test_features_detector" name="test_situation_nominale_ne_declenche_rien" time="0.001" /><testcase classname="tests.test_features_detector" name="test_perte_de_controle_critique" time="0.001" /><testcase classname="tests.test_features_detector" name="test_encrassement_detecte_sur_deficit_persistant" time="0.003" /><testcase classname="tests.test_features_detector" name="test_exces_de_duty_nest_pas_un_encrassement" time="0.002" /><testcase classname="tests.test_features_detector" name="test_derive_non_persistante_ignoree" time="0.001" /><testcase classname="tests.test_features_detector" name="test_chute_de_titre_traitee_comme_fuite" time="0.001" /><testcase classname="tests.test_features_detector" name="test_biais_normal_entre_analyseurs_ne_declenche_rien" time="0.001" /><testcase classname="tests.test_features_detector" name="test_derive_du_biais_entre_analyseurs_est_detectee" time="0.001" /><testcase classname="tests.test_features_detector" name="test_conc_min_ne_pretend_plus_etre_une_redondance" time="0.005" /><testcase classname="tests.test_features_detector" name="test_temperature_entree_excessive_lie_a_la_corrosion" time="0.003" /><testcase classname="tests.test_features_detector" name="test_arret_suspend_la_surveillance_de_performance" time="0.001" /><testcase classname="tests.test_features_detector" name="test_detecteur_refuse_trop_peu_dechantillons" time="0.001" /><testcase classname="tests.test_features_detector" name="test_detecteur_non_ajuste_refuse_de_scorer" time="0.001" /><testcase classname="tests.test_features_detector" name="test_scores_bornes" time="0.001" /><testcase classname="tests.test_features_detector" name="test_taux_dalerte_operationnellement_supportable" time="0.001" /><testcase classname="tests.test_features_detector" name="test_agregation_en_episodes" time="0.028" /><testcase classname="tests.test_features_detector" name="test_attribution_somme_a_quelque_chose_dinterpretable" time="0.061" /><testcase classname="tests.test_features_detector" name="test_reproductibilite" time="1.365" /><testcase classname="tests.test_features_detector" name="test_horodatage_inconnu_leve_une_erreur" time="0.001" /><testcase classname="tests.test_features_detector" name="test_features_modele_non_redondantes" time="0.008" /><testcase classname="tests.test_features_detector" name="test_backtest_temporel_declare_les_limites" time="2.422" /><testcase classname="tests.test_ingest" name="test_gel_detecte_sur_signal_constant" time="0.006" /><testcase classname="tests.test_ingest" name="test_signal_variable_non_marque" time="0.002" /><testcase classname="tests.test_ingest" name="test_gel_ignore_pendant_un_arret" time="0.002" /><testcase classname="tests.test_ingest" name="test_gel_partiel_compte_seulement_les_heures_en_marche" time="0.002" /><testcase classname="tests.test_ingest" name="test_etat_marche_sur_donnees_nominales" time="0.013" /><testcase classname="tests.test_ingest" name="test_arret_detecte_sur_charge_nulle" time="0.016" /><testcase classname="tests.test_ingest" name="test_transitoire_autour_dun_arret" time="0.011" /><testcase classname="tests.test_ingest" name="test_perimetre_temporel" time="0.000" /><testcase classname="tests.test_ingest" name="test_doublons_horodatage_supprimes" time="0.001" /><testcase classname="tests.test_ingest" name="test_codes_qualite_dcs_captures" time="0.001" /><testcase classname="tests.test_ingest" name="test_capteur_sature_identifie" time="0.004" /><testcase classname="tests.test_ingest" name="test_capteur_fige_identifie" time="0.002" /><testcase classname="tests.test_ingest" name="test_capteurs_degrades_absents_des_lectures" time="0.000" /><testcase classname="tests.test_ingest" name="test_valeurs_invalides_mises_a_nan_et_non_inventees" time="0.001" /><testcase classname="tests.test_ingest" name="test_trous_ordre_et_absences_sont_audites" time="0.001" /><testcase classname="tests.test_ingest" name="test_disponibilite_des_capteurs_du_perimetre" time="0.003" /><testcase classname="tests.test_ingest" name="test_etats_process_tous_presents" time="0.001" /><testcase classname="tests.test_ingest" name="test_fichier_absent_leve_une_erreur" time="0.000" /><testcase classname="tests.test_kpi" name="test_les_indicateurs_sont_tous_produits" time="0.036" /><testcase classname="tests.test_kpi" name="test_le_niveau_de_preuve_distingue_mesure_et_derive" time="0.002" /><testcase classname="tests.test_kpi" name="test_la_disponibilite_ne_porte_que_sur_le_perimetre" time="0.001" /><testcase classname="tests.test_kpi" name="test_la_charge_d_alertes_est_ramenee_au_mois" time="0.029" /><testcase classname="tests.test_kpi" name="test_la_charge_d_alertes_supporte_l_absence_d_episode" time="0.001" /><testcase classname="tests.test_kpi" name="test_la_stabilite_de_regulation_est_mensuelle" time="0.008" /><testcase classname="tests.test_kpi" name="test_le_sur_refroidissement_exige_une_derive_installee" time="0.002" /><testcase classname="tests.test_kpi" name="test_aucun_indicateur_ne_porte_de_montant" time="0.123" /><testcase classname="tests.test_model_governance" name="test_candidat_est_refuse_meme_si_fichier_lisible" time="0.019" /><testcase classname="tests.test_model_governance" name="test_gates_en_echec_bloquent_un_statut_runtime" time="0.015" /><testcase classname="tests.test_model_governance" name="test_empreinte_modele_et_schema_ordonnee_sont_bloquants" time="0.037" /><testcase classname="tests.test_model_governance" name="test_manifeste_promu_complet_est_autorise" time="0.031" /><testcase classname="tests.test_topology" name="test_chaque_capteur_situe_existe_dans_le_registre" time="0.001" /><testcase classname="tests.test_topology" name="test_les_douze_tags_dcs_sont_tous_situes" time="0.001" /><testcase classname="tests.test_topology" name="test_chaque_piece_cite_des_modes_amdec_existants" time="0.001" /><testcase classname="tests.test_topology" name="test_le_rattachement_des_codes_ne_cite_rien_d_inconnu" time="0.001" /><testcase classname="tests.test_topology" name="test_une_chute_de_titre_designe_le_faisceau_et_les_plaques" time="0.000" /><testcase classname="tests.test_topology" name="test_une_perte_de_regulation_designe_la_sortie_acide" time="0.000" /><testcase classname="tests.test_topology" name="test_un_code_inconnu_ne_designe_aucune_piece" time="0.000" /><testcase classname="tests.test_topology" name="test_tous_les_codes_du_detecteur_sont_couverts" time="0.017" /><testcase classname="tests.test_topology" name="test_les_pieces_non_instrumentees_sont_declarees" time="0.000" /><testcase classname="tests.test_topology" name="test_la_topologie_exposee_est_complete" time="0.001" /><testcase classname="tests.test_workflows" name="test_workflow_persistant_et_historique_immuable" time="0.041" /><testcase classname="tests.test_workflows" name="test_etape_dangereuse_bloquee_et_version_optimiste" time="0.052" /><testcase classname="tests.test_workflows" name="test_cloture_exige_toutes_les_etapes_et_signature" time="0.062" /></testsuite></testsuites>